Account rNo78d8MFMq4Y1CL5WzpaQCVG7Ccu67SHV
Update Tue Dec 15 2015 03:03:15 GMT+0200 (EET)
Stake 0.02378566999299628
Balance 6423.404326 XRP
Balance 38.95376761204205 EUR:rhub8VRN55s94qWKDv6jmDy1pUykJzF3wq
Balance 288.353455752671 CNY:rKiCet8SdvWxPXnAgYarFUXMh1zCPz432Y
Balance 288.7170845584726 CNY:rnuF96W4SZoCJmbHYBFoJZpR8eCaxNvekK
Balance 42.46520070574389 USD:rhub8VRN55s94qWKDv6jmDy1pUykJzF3wq
Balance 291.2516533277697 CNY:razqQKzJRdB4UxFPWf5NEpEG3WMkmwgcXA
Balance 3975.122394468505 JPY:r94s8px6kSw1uZ1MV98dhSRTvc6VMPoPcN
Balance 5102.102558973009 JPY:r9ZFPSb1TFdnJwbTMYHvVwFK1bQPUCVNfJ
Balance 75611.88097205757 KRW:rUkMKjQitpgAM5WTGk79xpjT38DEJY283d
Balance -37597.00384693042 XMM:rNo78d8MFMq4Y1CL5WzpaQCVG7Ccu67SHV
Create CNY:rKiCet8SdvWxPXnAgYarFUXMh1zCPz432Y>XRP 6.699332038824109 156.50761398751908 36429
Update Tue Dec 15 2015 03:03:28 GMT+0200 (EET)
Stake 0.023785672744173116
Balance 6423.394326 XRP
Balance 38.95376761204205 EUR:rhub8VRN55s94qWKDv6jmDy1pUykJzF3wq
Balance 288.353455752671 CNY:rKiCet8SdvWxPXnAgYarFUXMh1zCPz432Y
Balance 288.7170845584726 CNY:rnuF96W4SZoCJmbHYBFoJZpR8eCaxNvekK
Balance 42.46520070574389 USD:rhub8VRN55s94qWKDv6jmDy1pUykJzF3wq
Balance 291.2516533277697 CNY:razqQKzJRdB4UxFPWf5NEpEG3WMkmwgcXA
Balance 3975.122394468505 JPY:r94s8px6kSw1uZ1MV98dhSRTvc6VMPoPcN
Balance 5102.102558973009 JPY:r9ZFPSb1TFdnJwbTMYHvVwFK1bQPUCVNfJ
Balance 75611.88097205757 KRW:rUkMKjQitpgAM5WTGk79xpjT38DEJY283d
Balance -37597.00384693042 XMM:rNo78d8MFMq4Y1CL5WzpaQCVG7Ccu67SHV
Create EUR:rhub8VRN55s94qWKDv6jmDy1pUykJzF3wq>XRP 0.9050151738196176 156.5073888789338 36431
Update Tue Dec 15 2015 03:03:39 GMT+0200 (EET)
Stake 0.0237856754953582
Balance 6423.384326 XRP
Balance 38.95376761204205 EUR:rhub8VRN55s94qWKDv6jmDy1pUykJzF3wq
Balance 288.353455752671 CNY:rKiCet8SdvWxPXnAgYarFUXMh1zCPz432Y
Balance 288.7170845584726 CNY:rnuF96W4SZoCJmbHYBFoJZpR8eCaxNvekK
Balance 42.46520070574389 USD:rhub8VRN55s94qWKDv6jmDy1pUykJzF3wq
Balance 291.2516533277697 CNY:razqQKzJRdB4UxFPWf5NEpEG3WMkmwgcXA
Balance 3975.122394468505 JPY:r94s8px6kSw1uZ1MV98dhSRTvc6VMPoPcN
Balance 5102.102558973009 JPY:r9ZFPSb1TFdnJwbTMYHvVwFK1bQPUCVNfJ
Balance 75611.88097205757 KRW:rUkMKjQitpgAM5WTGk79xpjT38DEJY283d
Balance -37597.00384693042 XMM:rNo78d8MFMq4Y1CL5WzpaQCVG7Ccu67SHV
Create XRP>CNY:rKiCet8SdvWxPXnAgYarFUXMh1zCPz432Y 149.23488266846616 7.0257950066225945 36417
Update Tue Dec 15 2015 03:03:49 GMT+0200 (EET)
Stake 0.023785678246551534
Balance 6423.374326 XRP
Balance 38.95376761204205 EUR:rhub8VRN55s94qWKDv6jmDy1pUykJzF3wq
Balance 288.353455752671 CNY:rKiCet8SdvWxPXnAgYarFUXMh1zCPz432Y
Balance 288.7170845584726 CNY:rnuF96W4SZoCJmbHYBFoJZpR8eCaxNvekK
Balance 42.46520070574389 USD:rhub8VRN55s94qWKDv6jmDy1pUykJzF3wq
Balance 291.2516533277697 CNY:razqQKzJRdB4UxFPWf5NEpEG3WMkmwgcXA
Balance 3975.122394468505 JPY:r94s8px6kSw1uZ1MV98dhSRTvc6VMPoPcN
Balance 5102.102558973009 JPY:r9ZFPSb1TFdnJwbTMYHvVwFK1bQPUCVNfJ
Balance 75611.88097205757 KRW:rUkMKjQitpgAM5WTGk79xpjT38DEJY283d
Balance -37597.00384693042 XMM:rNo78d8MFMq4Y1CL5WzpaQCVG7Ccu67SHV
Create XRP>EUR:rhub8VRN55s94qWKDv6jmDy1pUykJzF3wq 149.23466719818853 0.9491171787428238 36436
Update Tue Dec 15 2015 03:03:58 GMT+0200 (EET)
Stake 0.023785680997753113
Balance 6423.364326 XRP
Balance 38.95376761204205 EUR:rhub8VRN55s94qWKDv6jmDy1pUykJzF3wq
Balance 288.353455752671 CNY:rKiCet8SdvWxPXnAgYarFUXMh1zCPz432Y
Balance 288.7170845584726 CNY:rnuF96W4SZoCJmbHYBFoJZpR8eCaxNvekK
Balance 42.46520070574389 USD:rhub8VRN55s94qWKDv6jmDy1pUykJzF3wq
Balance 291.2516533277697 CNY:razqQKzJRdB4UxFPWf5NEpEG3WMkmwgcXA
Balance 3975.122394468505 JPY:r94s8px6kSw1uZ1MV98dhSRTvc6VMPoPcN
Balance 5102.102558973009 JPY:r9ZFPSb1TFdnJwbTMYHvVwFK1bQPUCVNfJ
Balance 75611.88097205757 KRW:rUkMKjQitpgAM5WTGk79xpjT38DEJY283d
Balance -37597.00384693042 XMM:rNo78d8MFMq4Y1CL5WzpaQCVG7Ccu67SHV
Create XRP>USD:rhub8VRN55s94qWKDv6jmDy1pUykJzF3wq 149.2344517279088 1.0346741466819847 36423
Update Tue Dec 15 2015 03:04:09 GMT+0200 (EET)
Stake 0.023785683748962942
Balance 6423.354326 XRP
Balance 38.95376761204205 EUR:rhub8VRN55s94qWKDv6jmDy1pUykJzF3wq
Balance 288.353455752671 CNY:rKiCet8SdvWxPXnAgYarFUXMh1zCPz432Y
Balance 288.7170845584726 CNY:rnuF96W4SZoCJmbHYBFoJZpR8eCaxNvekK
Balance 42.46520070574389 USD:rhub8VRN55s94qWKDv6jmDy1pUykJzF3wq
Balance 291.2516533277697 CNY:razqQKzJRdB4UxFPWf5NEpEG3WMkmwgcXA
Balance 3975.122394468505 JPY:r94s8px6kSw1uZ1MV98dhSRTvc6VMPoPcN
Balance 5102.102558973009 JPY:r9ZFPSb1TFdnJwbTMYHvVwFK1bQPUCVNfJ
Balance 75611.88097205757 KRW:rUkMKjQitpgAM5WTGk79xpjT38DEJY283d
Balance -37597.00384693042 XMM:rNo78d8MFMq4Y1CL5WzpaQCVG7Ccu67SHV
Create XRP>CNY:rnuF96W4SZoCJmbHYBFoJZpR8eCaxNvekK 149.23423625762706 7.0346574024883095 36420
Update Tue Dec 15 2015 03:04:18 GMT+0200 (EET)
Stake 0.02378568650018102
Balance 6423.344326 XRP
Balance 38.95376761204205 EUR:rhub8VRN55s94qWKDv6jmDy1pUykJzF3wq
Balance 288.353455752671 CNY:rKiCet8SdvWxPXnAgYarFUXMh1zCPz432Y
Balance 288.7170845584726 CNY:rnuF96W4SZoCJmbHYBFoJZpR8eCaxNvekK
Balance 42.46520070574389 USD:rhub8VRN55s94qWKDv6jmDy1pUykJzF3wq
Balance 291.2516533277697 CNY:razqQKzJRdB4UxFPWf5NEpEG3WMkmwgcXA
Balance 3975.122394468505 JPY:r94s8px6kSw1uZ1MV98dhSRTvc6VMPoPcN
Balance 5102.102558973009 JPY:r9ZFPSb1TFdnJwbTMYHvVwFK1bQPUCVNfJ
Balance 75611.88097205757 KRW:rUkMKjQitpgAM5WTGk79xpjT38DEJY283d
Balance -37597.00384693042 XMM:rNo78d8MFMq4Y1CL5WzpaQCVG7Ccu67SHV
Create XRP>XMM:rNo78d8MFMq4Y1CL5WzpaQCVG7Ccu67SHV 149.2340207873433 101.78440606768721 36419
Update Tue Dec 15 2015 03:04:26 GMT+0200 (EET)
Stake 0.02378568925140734
Balance 6423.334326 XRP
Balance 38.95376761204205 EUR:rhub8VRN55s94qWKDv6jmDy1pUykJzF3wq
Balance 288.353455752671 CNY:rKiCet8SdvWxPXnAgYarFUXMh1zCPz432Y
Balance 288.7170845584726 CNY:rnuF96W4SZoCJmbHYBFoJZpR8eCaxNvekK
Balance 42.46520070574389 USD:rhub8VRN55s94qWKDv6jmDy1pUykJzF3wq
Balance 291.2516533277697 CNY:razqQKzJRdB4UxFPWf5NEpEG3WMkmwgcXA
Balance 3975.122394468505 JPY:r94s8px6kSw1uZ1MV98dhSRTvc6VMPoPcN
Balance 5102.102558973009 JPY:r9ZFPSb1TFdnJwbTMYHvVwFK1bQPUCVNfJ
Balance 75611.88097205757 KRW:rUkMKjQitpgAM5WTGk79xpjT38DEJY283d
Balance -37597.00384693042 XMM:rNo78d8MFMq4Y1CL5WzpaQCVG7Ccu67SHV
Create JPY:r94s8px6kSw1uZ1MV98dhSRTvc6VMPoPcN>XRP 92.35431497413671 156.50603822737935 36428
Update Tue Dec 15 2015 03:04:34 GMT+0200 (EET)
Stake 0.02378569200264192
Balance 6423.324326 XRP
Balance 38.95376761204205 EUR:rhub8VRN55s94qWKDv6jmDy1pUykJzF3wq
Balance 288.353455752671 CNY:rKiCet8SdvWxPXnAgYarFUXMh1zCPz432Y
Balance 288.7170845584726 CNY:rnuF96W4SZoCJmbHYBFoJZpR8eCaxNvekK
Balance 42.46520070574389 USD:rhub8VRN55s94qWKDv6jmDy1pUykJzF3wq
Balance 291.2516533277697 CNY:razqQKzJRdB4UxFPWf5NEpEG3WMkmwgcXA
Balance 3975.122394468505 JPY:r94s8px6kSw1uZ1MV98dhSRTvc6VMPoPcN
Balance 5102.102558973009 JPY:r9ZFPSb1TFdnJwbTMYHvVwFK1bQPUCVNfJ
Balance 75611.88097205757 KRW:rUkMKjQitpgAM5WTGk79xpjT38DEJY283d
Balance -37597.00384693042 XMM:rNo78d8MFMq4Y1CL5WzpaQCVG7Ccu67SHV
Create XRP>JPY:r9ZFPSb1TFdnJwbTMYHvVwFK1bQPUCVNfJ 149.2335898467696 124.31393295451636 36437
Update Tue Dec 15 2015 03:04:43 GMT+0200 (EET)
Update Tue Dec 15 2015 03:04:54 GMT+0200 (EET)
Stake 0.0238895103296169
Balance 6275.83996 XRP
Balance 38.95376761204205 EUR:rhub8VRN55s94qWKDv6jmDy1pUykJzF3wq
Balance 288.353455752671 CNY:rKiCet8SdvWxPXnAgYarFUXMh1zCPz432Y
Balance 288.7170845584726 CNY:rnuF96W4SZoCJmbHYBFoJZpR8eCaxNvekK
Balance 42.46520070574389 USD:rhub8VRN55s94qWKDv6jmDy1pUykJzF3wq
Balance 291.2516533277697 CNY:razqQKzJRdB4UxFPWf5NEpEG3WMkmwgcXA
Balance 4072.072045387897 JPY:r94s8px6kSw1uZ1MV98dhSRTvc6VMPoPcN
Balance 5102.102558973009 JPY:r9ZFPSb1TFdnJwbTMYHvVwFK1bQPUCVNfJ
Balance 75611.88097205757 KRW:rUkMKjQitpgAM5WTGk79xpjT38DEJY283d
Balance -37597.00384693042 XMM:rNo78d8MFMq4Y1CL5WzpaQCVG7Ccu67SHV
Create XRP>JPY:r94s8px6kSw1uZ1MV98dhSRTvc6VMPoPcN 146.42863515925382 99.66065135114798 undefined
Update Tue Dec 15 2015 03:05:03 GMT+0200 (EET)
Stake 0.02388951319916469
Balance 6275.82996 XRP
Balance 38.95376761204205 EUR:rhub8VRN55s94qWKDv6jmDy1pUykJzF3wq
Balance 288.353455752671 CNY:rKiCet8SdvWxPXnAgYarFUXMh1zCPz432Y
Balance 288.7170845584726 CNY:rnuF96W4SZoCJmbHYBFoJZpR8eCaxNvekK
Balance 42.46520070574389 USD:rhub8VRN55s94qWKDv6jmDy1pUykJzF3wq
Balance 291.2516533277697 CNY:razqQKzJRdB4UxFPWf5NEpEG3WMkmwgcXA
Balance 4072.072045387897 JPY:r94s8px6kSw1uZ1MV98dhSRTvc6VMPoPcN
Balance 5102.102558973009 JPY:r9ZFPSb1TFdnJwbTMYHvVwFK1bQPUCVNfJ
Balance 75611.88097205757 KRW:rUkMKjQitpgAM5WTGk79xpjT38DEJY283d
Balance -37597.00384693042 XMM:rNo78d8MFMq4Y1CL5WzpaQCVG7Ccu67SHV
Create XRP>CNY:rKiCet8SdvWxPXnAgYarFUXMh1zCPz432Y 146.42841901631024 7.057217169959299 36444
Update Tue Dec 15 2015 03:05:13 GMT+0200 (EET)
Stake 0.023889516068721278
Balance 6275.81996 XRP
Balance 38.95376761204205 EUR:rhub8VRN55s94qWKDv6jmDy1pUykJzF3wq
Balance 288.353455752671 CNY:rKiCet8SdvWxPXnAgYarFUXMh1zCPz432Y
Balance 288.7170845584726 CNY:rnuF96W4SZoCJmbHYBFoJZpR8eCaxNvekK
Balance 42.46520070574389 USD:rhub8VRN55s94qWKDv6jmDy1pUykJzF3wq
Balance 291.2516533277697 CNY:razqQKzJRdB4UxFPWf5NEpEG3WMkmwgcXA
Balance 4072.072045387897 JPY:r94s8px6kSw1uZ1MV98dhSRTvc6VMPoPcN
Balance 5102.102558973009 JPY:r9ZFPSb1TFdnJwbTMYHvVwFK1bQPUCVNfJ
Balance 75611.88097205757 KRW:rUkMKjQitpgAM5WTGk79xpjT38DEJY283d
Balance -37597.00384693042 XMM:rNo78d8MFMq4Y1CL5WzpaQCVG7Ccu67SHV
Create XRP>EUR:rhub8VRN55s94qWKDv6jmDy1pUykJzF3wq 146.4282028733645 0.9533620144690806 36445
Update Tue Dec 15 2015 03:05:26 GMT+0200 (EET)
Stake 0.02388951893828667
Balance 6275.80996 XRP
Balance 38.95376761204205 EUR:rhub8VRN55s94qWKDv6jmDy1pUykJzF3wq
Balance 288.353455752671 CNY:rKiCet8SdvWxPXnAgYarFUXMh1zCPz432Y
Balance 288.7170845584726 CNY:rnuF96W4SZoCJmbHYBFoJZpR8eCaxNvekK
Balance 42.46520070574389 USD:rhub8VRN55s94qWKDv6jmDy1pUykJzF3wq
Balance 291.2516533277697 CNY:razqQKzJRdB4UxFPWf5NEpEG3WMkmwgcXA
Balance 4072.072045387897 JPY:r94s8px6kSw1uZ1MV98dhSRTvc6VMPoPcN
Balance 5102.102558973009 JPY:r9ZFPSb1TFdnJwbTMYHvVwFK1bQPUCVNfJ
Balance 75611.88097205757 KRW:rUkMKjQitpgAM5WTGk79xpjT38DEJY283d
Balance -37597.00384693042 XMM:rNo78d8MFMq4Y1CL5WzpaQCVG7Ccu67SHV
Create XRP>USD:rhub8VRN55s94qWKDv6jmDy1pUykJzF3wq 146.42798673041662 1.039301632510464 36446
Update Tue Dec 15 2015 03:05:34 GMT+0200 (EET)
Stake 0.02388952180786086
Balance 6275.79996 XRP
Balance 38.95376761204205 EUR:rhub8VRN55s94qWKDv6jmDy1pUykJzF3wq
Balance 288.353455752671 CNY:rKiCet8SdvWxPXnAgYarFUXMh1zCPz432Y
Balance 288.7170845584726 CNY:rnuF96W4SZoCJmbHYBFoJZpR8eCaxNvekK
Balance 42.46520070574389 USD:rhub8VRN55s94qWKDv6jmDy1pUykJzF3wq
Balance 291.2516533277697 CNY:razqQKzJRdB4UxFPWf5NEpEG3WMkmwgcXA
Balance 4072.072045387897 JPY:r94s8px6kSw1uZ1MV98dhSRTvc6VMPoPcN
Balance 5102.102558973009 JPY:r9ZFPSb1TFdnJwbTMYHvVwFK1bQPUCVNfJ
Balance 75611.88097205757 KRW:rUkMKjQitpgAM5WTGk79xpjT38DEJY283d
Balance -37597.00384693042 XMM:rNo78d8MFMq4Y1CL5WzpaQCVG7Ccu67SHV
Create XRP>CNY:rnuF96W4SZoCJmbHYBFoJZpR8eCaxNvekK 146.42777058746657 7.066119298950872 36447
Update Tue Dec 15 2015 03:05:44 GMT+0200 (EET)
Stake 0.023889524677443846
Balance 6275.78996 XRP
Balance 38.95376761204205 EUR:rhub8VRN55s94qWKDv6jmDy1pUykJzF3wq
Balance 288.353455752671 CNY:rKiCet8SdvWxPXnAgYarFUXMh1zCPz432Y
Balance 288.7170845584726 CNY:rnuF96W4SZoCJmbHYBFoJZpR8eCaxNvekK
Balance 42.46520070574389 USD:rhub8VRN55s94qWKDv6jmDy1pUykJzF3wq
Balance 291.2516533277697 CNY:razqQKzJRdB4UxFPWf5NEpEG3WMkmwgcXA
Balance 4072.072045387897 JPY:r94s8px6kSw1uZ1MV98dhSRTvc6VMPoPcN
Balance 5102.102558973009 JPY:r9ZFPSb1TFdnJwbTMYHvVwFK1bQPUCVNfJ
Balance 75611.88097205757 KRW:rUkMKjQitpgAM5WTGk79xpjT38DEJY283d
Balance -37597.00384693042 XMM:rNo78d8MFMq4Y1CL5WzpaQCVG7Ccu67SHV
Create XRP>XMM:rNo78d8MFMq4Y1CL5WzpaQCVG7Ccu67SHV 146.42755444451436 102.23962848312652 36448
Update Tue Dec 15 2015 03:05:53 GMT+0200 (EET)
Stake 0.02384566874674811
Balance 6432.287349 XRP
Balance 38.04875243822244 EUR:rhub8VRN55s94qWKDv6jmDy1pUykJzF3wq
Balance 288.353455752671 CNY:rKiCet8SdvWxPXnAgYarFUXMh1zCPz432Y
Balance 288.7170845584726 CNY:rnuF96W4SZoCJmbHYBFoJZpR8eCaxNvekK
Balance 42.46520070574389 USD:rhub8VRN55s94qWKDv6jmDy1pUykJzF3wq
Balance 291.2516533277697 CNY:razqQKzJRdB4UxFPWf5NEpEG3WMkmwgcXA
Balance 4072.072045387897 JPY:r94s8px6kSw1uZ1MV98dhSRTvc6VMPoPcN
Balance 5102.102558973009 JPY:r9ZFPSb1TFdnJwbTMYHvVwFK1bQPUCVNfJ
Balance 75611.88097205757 KRW:rUkMKjQitpgAM5WTGk79xpjT38DEJY283d
Balance -37597.00384693042 XMM:rNo78d8MFMq4Y1CL5WzpaQCVG7Ccu67SHV
Create EUR:rhub8VRN55s94qWKDv6jmDy1pUykJzF3wq>XRP 0.8861667090699977 157.12904045739398 undefined
Update Tue Dec 15 2015 03:06:04 GMT+0200 (EET)
Stake 0.023886642675196388
Balance 6285.848714 XRP
Balance 38.04875243822244 EUR:rhub8VRN55s94qWKDv6jmDy1pUykJzF3wq
Balance 288.353455752671 CNY:rKiCet8SdvWxPXnAgYarFUXMh1zCPz432Y
Balance 288.7170845584726 CNY:rnuF96W4SZoCJmbHYBFoJZpR8eCaxNvekK
Balance 42.46520070574389 USD:rhub8VRN55s94qWKDv6jmDy1pUykJzF3wq
Balance 291.2516533277697 CNY:razqQKzJRdB4UxFPWf5NEpEG3WMkmwgcXA
Balance 4171.732696739044 JPY:r94s8px6kSw1uZ1MV98dhSRTvc6VMPoPcN
Balance 5102.102558973009 JPY:r9ZFPSb1TFdnJwbTMYHvVwFK1bQPUCVNfJ
Balance 75611.88097205757 KRW:rUkMKjQitpgAM5WTGk79xpjT38DEJY283d
Balance -37597.00384693042 XMM:rNo78d8MFMq4Y1CL5WzpaQCVG7Ccu67SHV
Create XRP>JPY:r94s8px6kSw1uZ1MV98dhSRTvc6VMPoPcN 146.6449662331336 102.08720894522158 undefined
Update Tue Dec 15 2015 03:06:19 GMT+0200 (EET)
Stake 0.023929560744730835
Balance 6139.193748 XRP
Balance 38.04875243822244 EUR:rhub8VRN55s94qWKDv6jmDy1pUykJzF3wq
Balance 288.353455752671 CNY:rKiCet8SdvWxPXnAgYarFUXMh1zCPz432Y
Balance 288.7170845584726 CNY:rnuF96W4SZoCJmbHYBFoJZpR8eCaxNvekK
Balance 42.46520070574389 USD:rhub8VRN55s94qWKDv6jmDy1pUykJzF3wq
Balance 291.2516533277697 CNY:razqQKzJRdB4UxFPWf5NEpEG3WMkmwgcXA
Balance 4273.819905684265 JPY:r94s8px6kSw1uZ1MV98dhSRTvc6VMPoPcN
Balance 5102.102558973009 JPY:r9ZFPSb1TFdnJwbTMYHvVwFK1bQPUCVNfJ
Balance 75611.88097205757 KRW:rUkMKjQitpgAM5WTGk79xpjT38DEJY283d
Balance -37597.00384693042 XMM:rNo78d8MFMq4Y1CL5WzpaQCVG7Ccu67SHV
Create XRP>JPY:r9ZFPSb1TFdnJwbTMYHvVwFK1bQPUCVNfJ 143.47491795196106 125.08428510953101 36450
Update Tue Dec 15 2015 03:06:30 GMT+0200 (EET)
Stake 0.023929563738422296
Balance 6139.183748 XRP
Balance 38.04875243822244 EUR:rhub8VRN55s94qWKDv6jmDy1pUykJzF3wq
Balance 288.353455752671 CNY:rKiCet8SdvWxPXnAgYarFUXMh1zCPz432Y
Balance 288.7170845584726 CNY:rnuF96W4SZoCJmbHYBFoJZpR8eCaxNvekK
Balance 42.46520070574389 USD:rhub8VRN55s94qWKDv6jmDy1pUykJzF3wq
Balance 291.2516533277697 CNY:razqQKzJRdB4UxFPWf5NEpEG3WMkmwgcXA
Balance 4273.819905684265 JPY:r94s8px6kSw1uZ1MV98dhSRTvc6VMPoPcN
Balance 5102.102558973009 JPY:r9ZFPSb1TFdnJwbTMYHvVwFK1bQPUCVNfJ
Balance 75611.88097205757 KRW:rUkMKjQitpgAM5WTGk79xpjT38DEJY283d
Balance -37597.00384693042 XMM:rNo78d8MFMq4Y1CL5WzpaQCVG7Ccu67SHV
Create XRP>CNY:razqQKzJRdB4UxFPWf5NEpEG3WMkmwgcXA 143.47470177859037 7.140391454659295 36440
